0 info it worked if it ends with ok
1 verbose cli [ 'C:\\Program Files\\nodejs\\node.exe',
1 verbose cli   'C:\\Program Files\\nodejs\\node_modules\\npm\\bin\\npm-cli.js',
1 verbose cli   'publish' ]
2 info using npm@3.10.10
3 info using node@v6.11.3
4 verbose publish [ '.' ]
5 silly cache add args [ '.', null ]
6 verbose cache add spec .
7 silly cache add parsed spec Result {
7 silly cache add   raw: '.',
7 silly cache add   scope: null,
7 silly cache add   escapedName: null,
7 silly cache add   name: null,
7 silly cache add   rawSpec: '.',
7 silly cache add   spec: 'C:\\Users\\andrey.modin\\ru.rostel1\\ru.rostel',
7 silly cache add   type: 'directory' }
8 verbose addLocalDirectory C:\Users\andrey.modin\AppData\Roaming\npm-cache\ru.rostel\1.0.11\package.tgz not in flight; packing
9 verbose correctMkdir C:\Users\andrey.modin\AppData\Roaming\npm-cache correctMkdir not in flight; initializing
10 info lifecycle ru.rostel@1.0.11~prepublish: ru.rostel@1.0.11
11 silly lifecycle ru.rostel@1.0.11~prepublish: no script for prepublish, continuing
12 verbose tar pack [ 'C:\\Users\\andrey.modin\\AppData\\Roaming\\npm-cache\\ru.rostel\\1.0.11\\package.tgz',
12 verbose tar pack   'C:\\Users\\andrey.modin\\ru.rostel1\\ru.rostel' ]
13 verbose tarball C:\Users\andrey.modin\AppData\Roaming\npm-cache\ru.rostel\1.0.11\package.tgz
14 verbose folder C:\Users\andrey.modin\ru.rostel1\ru.rostel
15 verbose addLocalTarball adding from inside cache C:\Users\andrey.modin\AppData\Roaming\npm-cache\ru.rostel\1.0.11\package.tgz
16 verbose correctMkdir C:\Users\andrey.modin\AppData\Roaming\npm-cache correctMkdir not in flight; initializing
17 silly cache afterAdd ru.rostel@1.0.11
18 verbose afterAdd C:\Users\andrey.modin\AppData\Roaming\npm-cache\ru.rostel\1.0.11\package\package.json not in flight; writing
19 verbose correctMkdir C:\Users\andrey.modin\AppData\Roaming\npm-cache correctMkdir not in flight; initializing
20 verbose afterAdd C:\Users\andrey.modin\AppData\Roaming\npm-cache\ru.rostel\1.0.11\package\package.json written
21 silly publish { name: 'ru.rostel',
21 silly publish   version: '1.0.11',
21 silly publish   description: 'emty',
21 silly publish   main: '',
21 silly publish   repository:
21 silly publish    { type: 'git',
21 silly publish      url: 'git+https://github.com/maurjiu/ru.rostel.git' },
21 silly publish   keywords: [ 'stf', 'nunit', 'android', 'autotest', 'xamarin' ],
21 silly publish   author: { name: 'Modin Andrey' },
21 silly publish   license: 'ISC',
21 silly publish   bugs: { url: 'https://github.com/maurjiu/ru.rostel/issues' },
21 silly publish   homepage: 'https://github.com/maurjiu/ru.rostel#readme',
21 silly publish   dependencies:
21 silly publish    { fs: 'latest',
21 silly publish      path: 'latest',
21 silly publish      ncp: 'latest',
21 silly publish      adbkit: 'latest',
21 silly publish      bluebird: 'latest',
21 silly publish      https: 'latest',
21 silly publish      'hockeyapp-api-wrapper': 'latest',
21 silly publish      'swagger-client': '2.1.32' },
21 silly publish   readme: '# ru.rostel\r\n',
21 silly publish   readmeFilename: 'README.md',
21 silly publish   gitHead: 'ce78fe15bc4d19e31d9a9a281f63f3c96c38165e',
21 silly publish   _id: 'ru.rostel@1.0.11',
21 silly publish   scripts: {},
21 silly publish   _shasum: 'c8efd8a03ef6b3e7ff2cf821e42712fbad051c23',
21 silly publish   _from: '.' }
22 verbose getPublishConfig undefined
23 silly mapToRegistry name ru.rostel
24 silly mapToRegistry using default registry
25 silly mapToRegistry registry https://registry.npmjs.org/
26 silly mapToRegistry data Result {
26 silly mapToRegistry   raw: 'ru.rostel',
26 silly mapToRegistry   scope: null,
26 silly mapToRegistry   escapedName: 'ru.rostel',
26 silly mapToRegistry   name: 'ru.rostel',
26 silly mapToRegistry   rawSpec: '',
26 silly mapToRegistry   spec: 'latest',
26 silly mapToRegistry   type: 'tag' }
27 silly mapToRegistry uri https://registry.npmjs.org/ru.rostel
28 verbose publish registryBase https://registry.npmjs.org/
29 silly publish uploading C:\Users\andrey.modin\AppData\Roaming\npm-cache\ru.rostel\1.0.11\package.tgz
30 verbose request uri https://registry.npmjs.org/ru.rostel
31 verbose request sending authorization for write operation
32 info attempt registry request try #1 at 18:15:11
33 verbose request using bearer token for auth
34 verbose request id 79a4cf94c5eabc65
35 http request PUT https://registry.npmjs.org/ru.rostel
36 http 403 https://registry.npmjs.org/ru.rostel
37 verbose headers { 'content-type': 'application/json',
37 verbose headers   'cache-control': 'max-age=300',
37 verbose headers   'content-length': '92',
37 verbose headers   'accept-ranges': 'bytes',
37 verbose headers   date: 'Wed, 10 Jan 2018 14:14:27 GMT',
37 verbose headers   via: '1.1 varnish',
37 verbose headers   connection: 'keep-alive',
37 verbose headers   'x-served-by': 'cache-bma7029-BMA',
37 verbose headers   'x-cache': 'MISS',
37 verbose headers   'x-cache-hits': '0',
37 verbose headers   'x-timer': 'S1515593667.921159,VS0,VE1077',
37 verbose headers   vary: 'Accept-Encoding, Accept' }
38 verbose request invalidating C:\Users\andrey.modin\AppData\Roaming\npm-cache\registry.npmjs.org\ru.rostel on PUT
39 error publish Failed PUT 403
40 verbose stack Error: You cannot publish over the previously published version 1.0.11. : ru.rostel
40 verbose stack     at makeError (C:\Program Files\nodejs\node_modules\npm\node_modules\npm-registry-client\lib\request.js:302:12)
40 verbose stack     at CachingRegistryClient.<anonymous> (C:\Program Files\nodejs\node_modules\npm\node_modules\npm-registry-client\lib\request.js:290:14)
40 verbose stack     at Request._callback (C:\Program Files\nodejs\node_modules\npm\node_modules\npm-registry-client\lib\request.js:210:14)
40 verbose stack     at Request.self.callback (C:\Program Files\nodejs\node_modules\npm\node_modules\request\request.js:187:22)
40 verbose stack     at emitTwo (events.js:106:13)
40 verbose stack     at Request.emit (events.js:191:7)
40 verbose stack     at Request.<anonymous> (C:\Program Files\nodejs\node_modules\npm\node_modules\request\request.js:1048:10)
40 verbose stack     at emitOne (events.js:96:13)
40 verbose stack     at Request.emit (events.js:188:7)
40 verbose stack     at IncomingMessage.<anonymous> (C:\Program Files\nodejs\node_modules\npm\node_modules\request\request.js:969:12)
41 verbose statusCode 403
42 verbose pkgid ru.rostel
43 verbose cwd C:\Users\andrey.modin\ru.rostel1\ru.rostel
44 error Windows_NT 10.0.16299
45 error argv "C:\\Program Files\\nodejs\\node.exe" "C:\\Program Files\\nodejs\\node_modules\\npm\\bin\\npm-cli.js" "publish"
46 error node v6.11.3
47 error npm  v3.10.10
48 error code E403
49 error You cannot publish over the previously published version 1.0.11. : ru.rostel
50 error If you need help, you may report this error at:
50 error     <https://github.com/npm/npm/issues>
51 verbose exit [ 1, true ]
